<?xml version="1.0" encoding="UTF-8"?>
<!-- Generated by org.testng.reporters.JUnitReportReporter -->
<testsuite hostname="DESKTOP-NPK11H1" failures="0" tests="1" name="com.omayoproject1.centerpagetest.TextAreaFieldTest" time="4.222" errors="0" timestamp="2023-11-04T21:07:16 EET" skipped="0">
  <testcase classname="com.omayoproject1.centerpagetest.TextAreaFieldTest" name="textAreaFieldTest" time="4.222"/>
  <system-out/>
</testsuite> <!-- com.omayoproject1.centerpagetest.TextAreaFieldTest -->
